{"/Users/pedro/Code/long-story-short/src/App.vue": {"path":"/Users/pedro/Code/long-story-short/src/App.vue","statementMap":{"0":{"start":{"line":9,"column":0},"end":{"line":9,"column":null}},"1":{"start":{"line":10,"column":0},"end":{"line":10,"column":null}}},"fnMap":{},"branchMap":{},"s":{"0":0,"1":0},"f":{},"b":{}}
,"/Users/pedro/Code/long-story-short/src/main.js": {"path":"/Users/pedro/Code/long-story-short/src/main.js","statementMap":{"0":{"start":{"line":9,"column":0},"end":{"line":9,"column":22}},"1":{"start":{"line":11,"column":0},"end":{"line":11,"column":32}},"2":{"start":{"line":13,"column":0},"end":{"line":17,"column":17}},"3":{"start":{"line":16,"column":15},"end":{"line":16,"column":21}}},"fnMap":{"0":{"name":"(anonymous_0)","decl":{"start":{"line":16,"column":10},"end":{"line":16,"column":11}},"loc":{"start":{"line":16,"column":15},"end":{"line":16,"column":21}},"line":16}},"branchMap":{},"s":{"0":0,"1":0,"2":0,"3":0},"f":{"0":0},"b":{},"hash":"c755ef4f5acfb83bbc02e44d9b51ae6344088ef7"}
,"/Users/pedro/Code/long-story-short/src/registerServiceWorker.js": {"path":"/Users/pedro/Code/long-story-short/src/registerServiceWorker.js","statementMap":{"0":{"start":{"line":5,"column":0},"end":{"line":34,"column":1}},"1":{"start":{"line":6,"column":2},"end":{"line":33,"column":5}},"2":{"start":{"line":8,"column":6},"end":{"line":11,"column":8}},"3":{"start":{"line":14,"column":6},"end":{"line":14,"column":57}},"4":{"start":{"line":17,"column":6},"end":{"line":17,"column":62}},"5":{"start":{"line":20,"column":6},"end":{"line":20,"column":49}},"6":{"start":{"line":23,"column":6},"end":{"line":23,"column":63}},"7":{"start":{"line":26,"column":6},"end":{"line":28,"column":8}},"8":{"start":{"line":31,"column":6},"end":{"line":31,"column":72}}},"fnMap":{"0":{"name":"(anonymous_0)","decl":{"start":{"line":7,"column":4},"end":{"line":7,"column":5}},"loc":{"start":{"line":7,"column":12},"end":{"line":12,"column":5}},"line":7},"1":{"name":"(anonymous_1)","decl":{"start":{"line":13,"column":4},"end":{"line":13,"column":5}},"loc":{"start":{"line":13,"column":17},"end":{"line":15,"column":5}},"line":13},"2":{"name":"(anonymous_2)","decl":{"start":{"line":16,"column":4},"end":{"line":16,"column":5}},"loc":{"start":{"line":16,"column":13},"end":{"line":18,"column":5}},"line":16},"3":{"name":"(anonymous_3)","decl":{"start":{"line":19,"column":4},"end":{"line":19,"column":5}},"loc":{"start":{"line":19,"column":18},"end":{"line":21,"column":5}},"line":19},"4":{"name":"(anonymous_4)","decl":{"start":{"line":22,"column":4},"end":{"line":22,"column":5}},"loc":{"start":{"line":22,"column":14},"end":{"line":24,"column":5}},"line":22},"5":{"name":"(anonymous_5)","decl":{"start":{"line":25,"column":4},"end":{"line":25,"column":5}},"loc":{"start":{"line":25,"column":14},"end":{"line":29,"column":5}},"line":25},"6":{"name":"(anonymous_6)","decl":{"start":{"line":30,"column":4},"end":{"line":30,"column":5}},"loc":{"start":{"line":30,"column":17},"end":{"line":32,"column":5}},"line":30}},"branchMap":{"0":{"loc":{"start":{"line":5,"column":0},"end":{"line":34,"column":1}},"type":"if","locations":[{"start":{"line":5,"column":0},"end":{"line":34,"column":1}},{"start":{"line":5,"column":0},"end":{"line":34,"column":1}}],"line":5}},"s":{"0":0,"1":0,"2":0,"3":0,"4":0,"5":0,"6":0,"7":0,"8":0},"f":{"0":0,"1":0,"2":0,"3":0,"4":0,"5":0,"6":0},"b":{"0":[0,0]},"hash":"39b89dc84a38e54e294ede10367d44516b7877aa"}
,"/Users/pedro/Code/long-story-short/src/components/Navigation.vue": {"path":"/Users/pedro/Code/long-story-short/src/components/Navigation.vue","statementMap":{"0":{"start":{"line":11,"column":0},"end":{"line":11,"column":null}},"1":{"start":{"line":12,"column":0},"end":{"line":12,"column":null}},"2":{"start":{"line":13,"column":0},"end":{"line":13,"column":null}},"3":{"start":{"line":20,"column":0},"end":{"line":20,"column":null}},"4":{"start":{"line":24,"column":0},"end":{"line":24,"column":null}},"5":{"start":{"line":30,"column":0},"end":{"line":32,"column":null}},"6":{"start":{"line":30,"column":0},"end":{"line":30,"column":null}},"7":{"start":{"line":32,"column":0},"end":{"line":32,"column":null}},"8":{"start":{"line":38,"column":0},"end":{"line":46,"column":null}},"9":{"start":{"line":39,"column":0},"end":{"line":39,"column":null}},"10":{"start":{"line":40,"column":0},"end":{"line":44,"column":null}},"11":{"start":{"line":41,"column":0},"end":{"line":41,"column":null}},"12":{"start":{"line":43,"column":0},"end":{"line":43,"column":null}},"13":{"start":{"line":45,"column":0},"end":{"line":45,"column":null}}},"fnMap":{"0":{"name":"(anonymous_1)","decl":{"start":{"line":20,"column":0},"end":{"line":20,"column":null}},"loc":{"start":{"line":20,"column":0},"end":{"line":20,"column":null}}},"1":{"name":"(anonymous_2)","decl":{"start":{"line":23,"column":0},"end":{"line":23,"column":null}},"loc":{"start":{"line":23,"column":0},"end":{"line":27,"column":null}}},"2":{"name":"(anonymous_3)","decl":{"start":{"line":29,"column":0},"end":{"line":29,"column":null}},"loc":{"start":{"line":29,"column":0},"end":{"line":47,"column":null}}},"3":{"name":"(anonymous_4)","decl":{"start":{"line":30,"column":0},"end":{"line":30,"column":null}},"loc":{"start":{"line":30,"column":0},"end":{"line":30,"column":null}}},"4":{"name":"(anonymous_6)","decl":{"start":{"line":38,"column":0},"end":{"line":38,"column":null}},"loc":{"start":{"line":38,"column":0},"end":{"line":46,"column":null}}}},"branchMap":{"0":{"loc":{"start":{"line":40,"column":0},"end":{"line":44,"column":null}},"type":"if","locations":[{"start":{"line":40,"column":0},"end":{"line":44,"column":null}},{"start":{"line":40,"column":0},"end":{"line":44,"column":null}}]},"1":{"loc":{"start":{"line":40,"column":0},"end":{"line":40,"column":null}},"type":"binary-expr","locations":[{"start":{"line":40,"column":0},"end":{"line":40,"column":null}},{"start":{"line":40,"column":0},"end":{"line":40,"column":null}}]}},"s":{"0":1,"1":1,"2":1,"3":0,"4":1,"5":0,"6":0,"7":0,"8":0,"9":0,"10":0,"11":0,"12":0,"13":0},"f":{"0":0,"1":1,"2":0,"3":0,"4":0},"b":{"0":[0,0],"1":[0,0]}}
,"/Users/pedro/Code/long-story-short/src/router/index.js": {"path":"/Users/pedro/Code/long-story-short/src/router/index.js","statementMap":{"0":{"start":{"line":5,"column":0},"end":{"line":5,"column":19}},"1":{"start":{"line":7,"column":15},"end":{"line":13,"column":1}},"2":{"start":{"line":15,"column":15},"end":{"line":17,"column":2}}},"fnMap":{},"branchMap":{},"s":{"0":0,"1":0,"2":0},"f":{},"b":{},"hash":"a99d99b8b4f175591d2313614ba37e74fd746713"}
,"/Users/pedro/Code/long-story-short/src/store/index.js": {"path":"/Users/pedro/Code/long-story-short/src/store/index.js","statementMap":{"0":{"start":{"line":5,"column":0},"end":{"line":5,"column":14}}},"fnMap":{},"branchMap":{},"s":{"0":0},"f":{},"b":{},"hash":"e3654923df8b5f52586a104c2c09c8f82a73a4d2"}
,"/Users/pedro/Code/long-story-short/src/store/modules/stories.js": {"path":"/Users/pedro/Code/long-story-short/src/store/modules/stories.js","statementMap":{"0":{"start":{"line":3,"column":14},"end":{"line":5,"column":1}},"1":{"start":{"line":7,"column":16},"end":{"line":9,"column":1}},"2":{"start":{"line":8,"column":20},"end":{"line":8,"column":33}},"3":{"start":{"line":11,"column":16},"end":{"line":15,"column":1}},"4":{"start":{"line":13,"column":4},"end":{"line":13,"column":44}},"5":{"start":{"line":17,"column":18},"end":{"line":21,"column":1}},"6":{"start":{"line":19,"column":4},"end":{"line":19,"column":43}}},"fnMap":{"0":{"name":"(anonymous_0)","decl":{"start":{"line":8,"column":11},"end":{"line":8,"column":12}},"loc":{"start":{"line":8,"column":20},"end":{"line":8,"column":33}},"line":8},"1":{"name":"(anonymous_1)","decl":{"start":{"line":12,"column":2},"end":{"line":12,"column":3}},"loc":{"start":{"line":12,"column":46},"end":{"line":14,"column":3}},"line":12},"2":{"name":"(anonymous_2)","decl":{"start":{"line":18,"column":2},"end":{"line":18,"column":3}},"loc":{"start":{"line":18,"column":39},"end":{"line":20,"column":3}},"line":18}},"branchMap":{},"s":{"0":0,"1":0,"2":0,"3":0,"4":0,"5":0,"6":0},"f":{"0":0,"1":0,"2":0},"b":{},"hash":"63081e36ee06f11e4c6616c85a3d14d7b29a38bd"}
}
